Type
TypeDefinition
Type
TypeDefinition
Constant
Constant
Type
Type
TypeDefinition
_OptTypeDefinitions
_OptTypeDefinitions
_OptTypeDefinitions
TypeDefinitions
OptTypeDefinitions
Identifiers
IdentifierList
Type
VariableDeclaration
Identifiers
IdentifierList
Type
VariableDeclaration
Identifiers
IdentifierList
Type
VariableDeclaration
_OptVariableDeclarations
_OptVariableDeclarations
_OptVariableDeclarations
VariableDeclarations
OptVariableDeclarations
OptSubprogramDeclarations
ComponentSelection
Variable
Factor
Multiplicand
Term
Summand
SimpleExpression
Expression
AssignmentStatement
SimpleStatement
Statement
ComponentSelection
Variable
Factor
Multiplicand
Term
Summand
SimpleExpression
Expression
AssignmentStatement
SimpleStatement
Statement
Factor
Multiplicand
Term
Summand
SimpleExpression
Expression
ComponentSelection
ComponentSelection
Variable
Factor
Multiplicand
Term
Summand
SimpleExpression
Expression
AssignmentStatement
SimpleStatement
Statement
ComponentSelection
ComponentSelection
ComponentSelection
ComponentSelection
Variable
ComponentSelection
Variable
Factor
Multiplicand
Term
Summand
SimpleExpression
Expression
AssignmentStatement
SimpleStatement
Statement
SimpleStatement
Statement
Statements
Statements
Statements
Statements
Statements
StatementSequence
CompoundStatement
Program
